Using pre-set license
Built from '2022.3/staging' branch; Version is '2022.3.30f1 (70558241b701) revision 7361922'; Using compiler version '192829333'; Build Type 'Release'
OS: 'Windows 10  (10.0.19045) 64bit Professional' Language: 'ru' Physical Memory: 32693 MB
BatchMode: 1, IsHumanControllingUs: 0, StartBugReporterOnCrash: 0, Is64bit: 1, IsPro: 1

COMMAND LINE ARGUMENTS:
C:\Program Files\Unity\Hub\Editor\2022.3.30f1\Editor\Unity.exe
-adb2
-batchMode
-noUpm
-name
AssetImportWorker2
-projectPath
C:/Users/lomok/Desktop/Unity/Проекты/PixelPlatformer/PixelPlatformer
-logFile
Logs/AssetImportWorker2.log
-srvPort
53229
Successfully changed project path to: C:/Users/lomok/Desktop/Unity/Проекты/PixelPlatformer/PixelPlatformer
C:/Users/lomok/Desktop/Unity/Проекты/PixelPlatformer/PixelPlatformer
[UnityMemory] Configuration Parameters - Can be set up in boot.config
    "memorysetup-bucket-allocator-granularity=16"
    "memorysetup-bucket-allocator-bucket-count=8"
    "memorysetup-bucket-allocator-block-size=33554432"
    "memorysetup-bucket-allocator-block-count=8"
    "memorysetup-main-allocator-block-size=16777216"
    "memorysetup-thread-allocator-block-size=16777216"
    "memorysetup-gfx-main-allocator-block-size=16777216"
    "memorysetup-gfx-thread-allocator-block-size=16777216"
    "memorysetup-cache-allocator-block-size=4194304"
    "memorysetup-typetree-allocator-block-size=2097152"
    "memorysetup-profiler-bucket-allocator-granularity=16"
    "memorysetup-profiler-bucket-allocator-bucket-count=8"
    "memorysetup-profiler-bucket-allocator-block-size=33554432"
    "memorysetup-profiler-bucket-allocator-block-count=8"
    "memorysetup-profiler-allocator-block-size=16777216"
    "memorysetup-profiler-editor-allocator-block-size=1048576"
    "memorysetup-temp-allocator-size-main=16777216"
    "memorysetup-job-temp-allocator-block-size=2097152"
    "memorysetup-job-temp-allocator-block-size-background=1048576"
    "memorysetup-job-temp-allocator-reduction-small-platforms=262144"
    "memorysetup-allocator-temp-initial-block-size-main=262144"
    "memorysetup-allocator-temp-initial-block-size-worker=262144"
    "memorysetup-temp-allocator-size-background-worker=32768"
    "memorysetup-temp-allocator-size-job-worker=262144"
    "memorysetup-temp-allocator-size-preload-manager=33554432"
    "memorysetup-temp-allocator-size-nav-mesh-worker=65536"
    "memorysetup-temp-allocator-size-audio-worker=65536"
    "memorysetup-temp-allocator-size-cloud-worker=32768"
    "memorysetup-temp-allocator-size-gi-baking-worker=262144"
    "memorysetup-temp-allocator-size-gfx=262144"
Player connection [14852] Host "[IP] 192.168.100.2 [Port] 0 [Flags] 2 [Guid] 43877297 [EditorId] 43877297 [Version] 1048832 [Id] WindowsEditor(7,DESKTOP-ROGUALL) [Debug] 1 [PackageName] WindowsEditor [ProjectName] Editor" joined multi-casting on [225.0.0.222:54997]...

Player connection [14852] Host "[IP] 192.168.100.2 [Port] 0 [Flags] 2 [Guid] 43877297 [EditorId] 43877297 [Version] 1048832 [Id] WindowsEditor(7,DESKTOP-ROGUALL) [Debug] 1 [PackageName] WindowsEditor [ProjectName] Editor" joined alternative multi-casting on [225.0.0.222:34997]...

[Physics::Module] Initialized MultithreadedJobDispatcher with 11 workers.
Refreshing native plugins compatible for Editor in 23.83 ms, found 3 plugins.
Preloading 0 native plugins for Editor in 0.00 ms.
Initialize engine version: 2022.3.30f1 (70558241b701)
[Subsystems] Discovering subsystems at path C:/Program Files/Unity/Hub/Editor/2022.3.30f1/Editor/Data/Resources/UnitySubsystems
[Subsystems] Discovering subsystems at path C:/Users/lomok/Desktop/Unity/Проекты/PixelPlatformer/PixelPlatformer/Assets
GfxDevice: creating device client; threaded=0; jobified=0
Direct3D:
    Version:  Direct3D 11.0 [level 11.1]
    Renderer: NVIDIA GeForce RTX 3060 Ti (ID=0x2489)
    Vendor:   NVIDIA
    VRAM:     8024 MB
    Driver:   32.0.15.6094
Initialize mono
Mono path[0] = 'C:/Program Files/Unity/Hub/Editor/2022.3.30f1/Editor/Data/Managed'
Mono path[1] = 'C:/Program Files/Unity/Hub/Editor/2022.3.30f1/Editor/Data/MonoBleedingEdge/lib/mono/unityjit-win32'
Mono config path = 'C:/Program Files/Unity/Hub/Editor/2022.3.30f1/Editor/Data/MonoBleedingEdge/etc'
Using monoOptions --debugger-agent=transport=dt_socket,embedding=1,server=y,suspend=n,address=127.0.0.1:56796
Begin MonoManager ReloadAssembly
Registering precompiled unity dll's ...
Register platform support module: C:/Program Files/Unity/Hub/Editor/2022.3.30f1/Editor/Data/PlaybackEngines/WindowsStandaloneSupport/UnityEditor.WindowsStandalone.Extensions.dll
Registered in 0.007704 seconds.
- Loaded All Assemblies, in  0.638 seconds
Native extension for WindowsStandalone target not found
Mono: successfully reloaded assembly
- Finished resetting the current domain, in  0.228 seconds
Domain Reload Profiling: 865ms
	BeginReloadAssembly (89ms)
		ExecutionOrderSort (0ms)
		DisableScriptedObjects (0ms)
		BackupInstance (0ms)
		ReleaseScriptingObjects (0ms)
		CreateAndSetChildDomain (1ms)
	RebuildCommonClasses (30ms)
	RebuildNativeTypeToScriptingClass (8ms)
	initialDomainReloadingComplete (51ms)
	LoadAllAssembliesAndSetupDomain (458ms)
		LoadAssemblies (87ms)
		RebuildTransferFunctionScriptingTraits (0ms)
		AnalyzeDomain (457ms)
			TypeCache.Refresh (455ms)
				TypeCache.ScanAssembly (225ms)
			ScanForSourceGeneratedMonoScriptInfo (0ms)
			ResolveRequiredComponents (0ms)
	FinalizeReload (229ms)
		ReleaseScriptCaches (0ms)
		RebuildScriptCaches (0ms)
		SetupLoadedEditorAssemblies (183ms)
			LogAssemblyErrors (0ms)
			InitializePlatformSupportModulesInManaged (11ms)
			SetLoadedEditorAssemblies (7ms)
			RefreshPlugins (0ms)
			BeforeProcessingInitializeOnLoad (2ms)
			ProcessInitializeOnLoadAttributes (122ms)
			ProcessInitializeOnLoadMethodAttributes (41ms)
			AfterProcessingInitializeOnLoad (0ms)
			EditorAssembliesLoaded (0ms)
		ExecutionOrderSort2 (0ms)
		AwakeInstancesAfterBackupRestoration (0ms)
========================================================================
Worker process is ready to serve import requests
Begin MonoManager ReloadAssembly
- Loaded All Assemblies, in  2.487 seconds
Refreshing native plugins compatible for Editor in 6.51 ms, found 3 plugins.
Native extension for WindowsStandalone target not found
Package Manager log level set to [2]
[Package Manager] Server::EnsureServerProcessIsRunning -- launch failed, reason: Unity was launched with the -noUpm command-line argument
[Package Manager] UpmClient::Send -- Unable to send message (not connected to UPM process).
[Package Manager] Cannot connect to Unity Package Manager local server
Launched and connected shader compiler UnityShaderCompiler.exe after 0.06 seconds
Mono: successfully reloaded assembly
- Finished resetting the current domain, in  0.999 seconds
Domain Reload Profiling: 3483ms
	BeginReloadAssembly (125ms)
		ExecutionOrderSort (0ms)
		DisableScriptedObjects (4ms)
		BackupInstance (0ms)
		ReleaseScriptingObjects (0ms)
		CreateAndSetChildDomain (19ms)
	RebuildCommonClasses (25ms)
	RebuildNativeTypeToScriptingClass (8ms)
	initialDomainReloadingComplete (39ms)
	LoadAllAssembliesAndSetupDomain (2286ms)
		LoadAssemblies (2170ms)
		RebuildTransferFunctionScriptingTraits (0ms)
		AnalyzeDomain (191ms)
			TypeCache.Refresh (166ms)
				TypeCache.ScanAssembly (151ms)
			ScanForSourceGeneratedMonoScriptInfo (14ms)
			ResolveRequiredComponents (9ms)
	FinalizeReload (1000ms)
		ReleaseScriptCaches (0ms)
		RebuildScriptCaches (0ms)
		SetupLoadedEditorAssemblies (875ms)
			LogAssemblyErrors (0ms)
			InitializePlatformSupportModulesInManaged (7ms)
			SetLoadedEditorAssemblies (3ms)
			RefreshPlugins (0ms)
			BeforeProcessingInitializeOnLoad (52ms)
			ProcessInitializeOnLoadAttributes (362ms)
			ProcessInitializeOnLoadMethodAttributes (444ms)
			AfterProcessingInitializeOnLoad (7ms)
			EditorAssembliesLoaded (0ms)
		ExecutionOrderSort2 (0ms)
		AwakeInstancesAfterBackupRestoration (5ms)
Refreshing native plugins compatible for Editor in 7.87 ms, found 3 plugins.
Preloading 0 native plugins for Editor in 0.00 ms.
Unloading 3709 Unused Serialized files (Serialized files now loaded: 0)
Unloading 49 unused Assets / (61.2 KB). Loaded Objects now: 4223.
Memory consumption went from 159.5 MB to 159.4 MB.
Total: 13.786900 ms (FindLiveObjects: 0.221900 ms CreateObjectMapping: 0.150400 ms MarkObjects: 13.295800 ms  DeleteObjects: 0.118000 ms)

AssetImportParameters requested are different than current active one (requested -> active):
  custom:container-demuxer-ogg: 62fdf1f143b41e24485cea50d1cbac27 -> 
  custom:video-decoder-ogg-theora: a1e56fd34408186e4bbccfd4996cb3dc -> 
  custom:framework-win-MediaFoundation: 216162199b28c13a410421893ffa2e32 -> 
  custom:CustomObjectIndexerAttribute: 9a22284fe3817be447336de3de66b15e -> 
  custom:container-demuxer-webm: 4f35f7cbe854078d1ac9338744f61a02 -> 
  custom:container-muxer-webm: aa71ff27fc2769a1b78a27578f13a17b -> 
  custom:video-decoder-webm-vp8: 9c59270c3fd7afecdb556c50c9e8de78 -> 
  custom:SearchIndexIgnoredProperties: e643bd26f0fe6173181afceb89e7c659 -> 
  custom:AudioImporter_EditorPlatform: d09bf68614088b80899f8185d706f6e7 -> 
  custom:video-encoder-webm-vp8: eb34c28f22e8b96e1ab97ce403110664 -> 
  custom:audio-decoder-ogg-vorbis: bf7c407c2cedff20999df2af8eb42d56 -> 
  custom:audio-encoder-webm-vorbis: bf7c407c2cedff20999df2af8eb42d56 -> 
========================================================================
Received Import Request.
  Time since last request: 1467145.115528 seconds.
  path: Assets/Resources/Новая папка (5)/1 Magic/6.png
  artifactKey: Guid(ebcb821e15941ec458ace5a4618a6ffe) Importer(815301076,1909f56bfc062723c751e8b465ee728b)
Start importing Assets/Resources/Новая папка (5)/1 Magic/6.png using Guid(ebcb821e15941ec458ace5a4618a6ffe) Importer(815301076,1909f56bfc062723c751e8b465ee728b)  -> (artifact id: 'a35d3d78f81c8087f6b4995f16e68ded') in 0.072436 seconds
Number of updated asset objects reloaded before import = 0
Number of asset objects unloaded after import = 3
========================================================================
Received Import Request.
  Time since last request: 0.000027 seconds.
  path: Assets/Resources/Новая папка (5)/1 Magic/10.png
  artifactKey: Guid(9385bc2f3ca6450488febdfa94759590) Importer(815301076,1909f56bfc062723c751e8b465ee728b)
Start importing Assets/Resources/Новая папка (5)/1 Magic/10.png using Guid(9385bc2f3ca6450488febdfa94759590) Importer(815301076,1909f56bfc062723c751e8b465ee728b)  -> (artifact id: '94a80f1f6c7e4ca50688309e568d64bd') in 0.015371 seconds
Number of updated asset objects reloaded before import = 0
Number of asset objects unloaded after import = 3
========================================================================
Received Import Request.
  Time since last request: 0.000014 seconds.
  path: Assets/Resources/Новая папка (5)/1 Magic/4.png
  artifactKey: Guid(59a7d692449c1b34c9f52b22d1b0fc2f) Importer(815301076,1909f56bfc062723c751e8b465ee728b)
Start importing Assets/Resources/Новая папка (5)/1 Magic/4.png using Guid(59a7d692449c1b34c9f52b22d1b0fc2f) Importer(815301076,1909f56bfc062723c751e8b465ee728b)  -> (artifact id: '1e83e42b7353b5784e2be0d7dc5ada81') in 0.011857 seconds
Number of updated asset objects reloaded before import = 0
Number of asset objects unloaded after import = 3
========================================================================
Received Import Request.
  Time since last request: 0.000015 seconds.
  path: Assets/Resources/Новая папка (5)/1 Magic/1.png
  artifactKey: Guid(e06a4decdc439d346933d15f4df8f9ef) Importer(815301076,1909f56bfc062723c751e8b465ee728b)
Start importing Assets/Resources/Новая папка (5)/1 Magic/1.png using Guid(e06a4decdc439d346933d15f4df8f9ef) Importer(815301076,1909f56bfc062723c751e8b465ee728b)  -> (artifact id: 'b15e856ca4b4adad747e7ef5786e9831') in 0.015531 seconds
Number of updated asset objects reloaded before import = 0
Number of asset objects unloaded after import = 3
========================================================================
Received Import Request.
  Time since last request: 0.000018 seconds.
  path: Assets/Resources/Новая папка (5)/1 Magic/9.png
  artifactKey: Guid(b5414785e6461db42b238ec47c64c34e) Importer(815301076,1909f56bfc062723c751e8b465ee728b)
Start importing Assets/Resources/Новая папка (5)/1 Magic/9.png using Guid(b5414785e6461db42b238ec47c64c34e) Importer(815301076,1909f56bfc062723c751e8b465ee728b)  -> (artifact id: '0a1339a80b1f190f1484bd9058cd8465') in 0.015238 seconds
Number of updated asset objects reloaded before import = 0
Number of asset objects unloaded after import = 3
========================================================================
Received Import Request.
  Time since last request: 3.275581 seconds.
  path: Assets/Resources/Новая папка (5)/1 Magic/1.png
  artifactKey: Guid(e06a4decdc439d346933d15f4df8f9ef) Importer(815301076,1909f56bfc062723c751e8b465ee728b)
Start importing Assets/Resources/Новая папка (5)/1 Magic/1.png using Guid(e06a4decdc439d346933d15f4df8f9ef) Importer(815301076,1909f56bfc062723c751e8b465ee728b)  -> (artifact id: 'ec3cc18c4f49bd80ac85b20b25de62d6') in 0.008674 seconds
Number of updated asset objects reloaded before import = 0
Number of asset objects unloaded after import = 2
========================================================================
Received Prepare
Begin MonoManager ReloadAssembly
- Loaded All Assemblies, in  0.415 seconds
Refreshing native plugins compatible for Editor in 7.50 ms, found 3 plugins.
Native extension for WindowsStandalone target not found
[Package Manager] Server::EnsureServerProcessIsRunning -- launch failed, reason: Unity was launched with the -noUpm command-line argument
[Package Manager] UpmClient::Send -- Unable to send message (not connected to UPM process).
[Package Manager] Cannot connect to Unity Package Manager local server
Mono: successfully reloaded assembly
- Finished resetting the current domain, in  1.301 seconds
Domain Reload Profiling: 1713ms
	BeginReloadAssembly (134ms)
		ExecutionOrderSort (0ms)
		DisableScriptedObjects (3ms)
		BackupInstance (0ms)
		ReleaseScriptingObjects (0ms)
		CreateAndSetChildDomain (40ms)
	RebuildCommonClasses (26ms)
	RebuildNativeTypeToScriptingClass (9ms)
	initialDomainReloadingComplete (29ms)
	LoadAllAssembliesAndSetupDomain (215ms)
		LoadAssemblies (264ms)
		RebuildTransferFunctionScriptingTraits (0ms)
		AnalyzeDomain (15ms)
			TypeCache.Refresh (5ms)
				TypeCache.ScanAssembly (0ms)
			ScanForSourceGeneratedMonoScriptInfo (0ms)
			ResolveRequiredComponents (8ms)
	FinalizeReload (1302ms)
		ReleaseScriptCaches (0ms)
		RebuildScriptCaches (0ms)
		SetupLoadedEditorAssemblies (753ms)
			LogAssemblyErrors (0ms)
			InitializePlatformSupportModulesInManaged (5ms)
			SetLoadedEditorAssemblies (4ms)
			RefreshPlugins (0ms)
			BeforeProcessingInitializeOnLoad (60ms)
			ProcessInitializeOnLoadAttributes (350ms)
			ProcessInitializeOnLoadMethodAttributes (321ms)
			AfterProcessingInitializeOnLoad (11ms)
			EditorAssembliesLoaded (3ms)
		ExecutionOrderSort2 (0ms)
		AwakeInstancesAfterBackupRestoration (11ms)
Refreshing native plugins compatible for Editor in 6.61 ms, found 3 plugins.
Preloading 0 native plugins for Editor in 0.00 ms.
Unloading 3697 Unused Serialized files (Serialized files now loaded: 0)
Unloading 40 unused Assets / (35.3 KB). Loaded Objects now: 4236.
Memory consumption went from 148.8 MB to 148.8 MB.
Total: 14.124000 ms (FindLiveObjects: 0.260300 ms CreateObjectMapping: 0.171400 ms MarkObjects: 13.621600 ms  DeleteObjects: 0.069500 ms)

Prepare: number of updated asset objects reloaded= 0
AssetImportParameters requested are different than current active one (requested -> active):
  custom:container-demuxer-ogg: 62fdf1f143b41e24485cea50d1cbac27 -> 
  custom:video-decoder-ogg-theora: a1e56fd34408186e4bbccfd4996cb3dc -> 
  custom:framework-win-MediaFoundation: 216162199b28c13a410421893ffa2e32 -> 
  custom:CustomObjectIndexerAttribute: 9a22284fe3817be447336de3de66b15e -> 
  custom:container-demuxer-webm: 4f35f7cbe854078d1ac9338744f61a02 -> 
  custom:container-muxer-webm: aa71ff27fc2769a1b78a27578f13a17b -> 
  custom:video-decoder-webm-vp8: 9c59270c3fd7afecdb556c50c9e8de78 -> 
  custom:SearchIndexIgnoredProperties: e643bd26f0fe6173181afceb89e7c659 -> 
  custom:AudioImporter_EditorPlatform: d09bf68614088b80899f8185d706f6e7 -> 
  custom:video-encoder-webm-vp8: eb34c28f22e8b96e1ab97ce403110664 -> 
  custom:audio-decoder-ogg-vorbis: bf7c407c2cedff20999df2af8eb42d56 -> 
  custom:audio-encoder-webm-vorbis: bf7c407c2cedff20999df2af8eb42d56 -> 
========================================================================
Received Import Request.
  Time since last request: 64.221082 seconds.
  path: Assets/Resources/Новая папка (5)/COUPON.png
  artifactKey: Guid(9a2c05fc22c32464d9c1b7ec284434d8) Importer(815301076,1909f56bfc062723c751e8b465ee728b)
Start importing Assets/Resources/Новая папка (5)/COUPON.png using Guid(9a2c05fc22c32464d9c1b7ec284434d8) Importer(815301076,1909f56bfc062723c751e8b465ee728b)  -> (artifact id: '21e54149c0ffa37798cb1880c795536e') in 0.039156 seconds
Number of updated asset objects reloaded before import = 0
Number of asset objects unloaded after import = 2
========================================================================
Received Import Request.
  Time since last request: 0.769958 seconds.
  path: Assets/Resources/Новая папка (5)/2 Icons
  artifactKey: Guid(6e03eba66153eeb42ae35b3fb235b2e4) Importer(815301076,1909f56bfc062723c751e8b465ee728b)
Start importing Assets/Resources/Новая папка (5)/2 Icons using Guid(6e03eba66153eeb42ae35b3fb235b2e4) Importer(815301076,1909f56bfc062723c751e8b465ee728b)  -> (artifact id: '49cdd5ce38d43f63845a3ec42c734685') in 0.000466 seconds
Number of updated asset objects reloaded before import = 0
Number of asset objects unloaded after import = 0
========================================================================
Received Import Request.
  Time since last request: 0.377021 seconds.
  path: Assets/Resources/Новая папка (5)/2 Icons/Icon_01.png
  artifactKey: Guid(6e67e81ca4fe81f4f84cf627ee812e52) Importer(815301076,1909f56bfc062723c751e8b465ee728b)
Start importing Assets/Resources/Новая папка (5)/2 Icons/Icon_01.png using Guid(6e67e81ca4fe81f4f84cf627ee812e52) Importer(815301076,1909f56bfc062723c751e8b465ee728b)  -> (artifact id: '62a01d00a4d6ff30c3fbc5204d661bb0') in 0.010179 seconds
Number of updated asset objects reloaded before import = 0
Number of asset objects unloaded after import = 2
========================================================================
Received Import Request.
  Time since last request: 0.000016 seconds.
  path: Assets/Resources/Новая папка (5)/2 Icons/Icon_09.png
  artifactKey: Guid(0d60534b6aa764949a6228125f59ffdc) Importer(815301076,1909f56bfc062723c751e8b465ee728b)
Start importing Assets/Resources/Новая папка (5)/2 Icons/Icon_09.png using Guid(0d60534b6aa764949a6228125f59ffdc) Importer(815301076,1909f56bfc062723c751e8b465ee728b)  -> (artifact id: '745a204a8c5824fc272c1b544328d0e9') in 0.010539 seconds
Number of updated asset objects reloaded before import = 0
Number of asset objects unloaded after import = 2
========================================================================
Received Import Request.
  Time since last request: 0.000015 seconds.
  path: Assets/Resources/Новая папка (5)/2 Icons/Icon_10.png
  artifactKey: Guid(87e92d066b5c0884d91daefae7151ac2) Importer(815301076,1909f56bfc062723c751e8b465ee728b)
Start importing Assets/Resources/Новая папка (5)/2 Icons/Icon_10.png using Guid(87e92d066b5c0884d91daefae7151ac2) Importer(815301076,1909f56bfc062723c751e8b465ee728b)  -> (artifact id: 'f407857f0e1f4a50365ff780994af0e9') in 0.010267 seconds
Number of updated asset objects reloaded before import = 0
Number of asset objects unloaded after import = 2
========================================================================
Received Import Request.
  Time since last request: 0.000014 seconds.
  path: Assets/Resources/Новая папка (5)/2 Icons/Icon_06.png
  artifactKey: Guid(10f2e182f3a818f4b9fda3e6cb7d5922) Importer(815301076,1909f56bfc062723c751e8b465ee728b)
Start importing Assets/Resources/Новая папка (5)/2 Icons/Icon_06.png using Guid(10f2e182f3a818f4b9fda3e6cb7d5922) Importer(815301076,1909f56bfc062723c751e8b465ee728b)  -> (artifact id: '0cd9ee6ade18b1890342b4f41421646f') in 0.009660 seconds
Number of updated asset objects reloaded before import = 0
Number of asset objects unloaded after import = 2
========================================================================
Received Import Request.
  Time since last request: 0.000012 seconds.
  path: Assets/Resources/Новая папка (5)/2 Icons/Icon_05.png
  artifactKey: Guid(6ae9d4b6f9d65f7499d5048417a59735) Importer(815301076,1909f56bfc062723c751e8b465ee728b)
Start importing Assets/Resources/Новая папка (5)/2 Icons/Icon_05.png using Guid(6ae9d4b6f9d65f7499d5048417a59735) Importer(815301076,1909f56bfc062723c751e8b465ee728b)  -> (artifact id: 'db0728aaa1c50ecb012cf03236c4a398') in 0.008836 seconds
Number of updated asset objects reloaded before import = 0
Number of asset objects unloaded after import = 2
========================================================================
Received Import Request.
  Time since last request: 0.000012 seconds.
  path: Assets/Resources/Новая папка (5)/2 Icons/Icon_04.png
  artifactKey: Guid(22a383f9474d32f4ba7e0f11c0348b33) Importer(815301076,1909f56bfc062723c751e8b465ee728b)
Start importing Assets/Resources/Новая папка (5)/2 Icons/Icon_04.png using Guid(22a383f9474d32f4ba7e0f11c0348b33) Importer(815301076,1909f56bfc062723c751e8b465ee728b)  -> (artifact id: '14c816e5d53fc543f6e0156b241c6932') in 0.012298 seconds
Number of updated asset objects reloaded before import = 0
Number of asset objects unloaded after import = 2
========================================================================
Received Import Request.
  Time since last request: 0.000014 seconds.
  path: Assets/Resources/Новая папка (5)/2 Icons/Icon_07.png
  artifactKey: Guid(b98d90c5ab92a0347a02736809a2b67e) Importer(815301076,1909f56bfc062723c751e8b465ee728b)
Start importing Assets/Resources/Новая папка (5)/2 Icons/Icon_07.png using Guid(b98d90c5ab92a0347a02736809a2b67e) Importer(815301076,1909f56bfc062723c751e8b465ee728b)  -> (artifact id: '123920c5d3520b5eb81c5e6408e9f59b') in 0.010544 seconds
Number of updated asset objects reloaded before import = 0
Number of asset objects unloaded after import = 2
========================================================================
Received Import Request.
  Time since last request: 0.000012 seconds.
  path: Assets/Resources/Новая папка (5)/2 Icons/Icon_03.png
  artifactKey: Guid(d7f65c497afb7384c8283f306d479f02) Importer(815301076,1909f56bfc062723c751e8b465ee728b)
Start importing Assets/Resources/Новая папка (5)/2 Icons/Icon_03.png using Guid(d7f65c497afb7384c8283f306d479f02) Importer(815301076,1909f56bfc062723c751e8b465ee728b)  -> (artifact id: '65da30ed25aa85792ac41f19ecafd7c6') in 0.009385 seconds
Number of updated asset objects reloaded before import = 0
Number of asset objects unloaded after import = 2
========================================================================
Received Import Request.
  Time since last request: 12.318194 seconds.
  path: Assets/Resources/Новая папка (5)/Font
  artifactKey: Guid(8b7c21d029caf74469675bae0a66b5ba) Importer(815301076,1909f56bfc062723c751e8b465ee728b)
Start importing Assets/Resources/Новая папка (5)/Font using Guid(8b7c21d029caf74469675bae0a66b5ba) Importer(815301076,1909f56bfc062723c751e8b465ee728b)  -> (artifact id: '07995df51ac1c926f7f42396264450e6') in 0.000451 seconds
Number of updated asset objects reloaded before import = 0
Number of asset objects unloaded after import = 0
========================================================================
Received Import Request.
  Time since last request: 0.062049 seconds.
  path: Assets/Resources/Новая папка (5)/Font/Planes_ValMore.ttf
  artifactKey: Guid(d9a3b7e58e92da84fbf9eaedfa8660b2) Importer(815301076,1909f56bfc062723c751e8b465ee728b)
Start importing Assets/Resources/Новая папка (5)/Font/Planes_ValMore.ttf using Guid(d9a3b7e58e92da84fbf9eaedfa8660b2) Importer(815301076,1909f56bfc062723c751e8b465ee728b)  -> (artifact id: '9d92c2b40f091db6276798801eac3dd2') in 0.090996 seconds
Number of updated asset objects reloaded before import = 0
Number of asset objects unloaded after import = 4
========================================================================
Received Import Request.
  Time since last request: 1.421072 seconds.
  path: Assets/Resources/Новая папка (5)/PSD
  artifactKey: Guid(a97552912907d8640b636d666ecb11ff) Importer(815301076,1909f56bfc062723c751e8b465ee728b)
Start importing Assets/Resources/Новая папка (5)/PSD using Guid(a97552912907d8640b636d666ecb11ff) Importer(815301076,1909f56bfc062723c751e8b465ee728b)  -> (artifact id: 'eece8071ab707bd33a7e019ca50e4611') in 0.000401 seconds
Number of updated asset objects reloaded before import = 0
Number of asset objects unloaded after import = 0
========================================================================
Received Import Request.
  Time since last request: 0.049717 seconds.
  path: Assets/Resources/Новая папка (5)/PSD/Icons.psd
  artifactKey: Guid(eee63aa9627784144a684d7d29c48761) Importer(815301076,1909f56bfc062723c751e8b465ee728b)
Start importing Assets/Resources/Новая папка (5)/PSD/Icons.psd using Guid(eee63aa9627784144a684d7d29c48761) Importer(815301076,1909f56bfc062723c751e8b465ee728b)  -> (artifact id: '61e405e5c81db58ade99783de3161423') in 0.010229 seconds
Number of updated asset objects reloaded before import = 0
Number of asset objects unloaded after import = 2
========================================================================
Received Import Request.
  Time since last request: 10.254094 seconds.
  path: Assets/Resources/Новая папка (5)/License.txt
  artifactKey: Guid(ff6a58f49f416f749aeb25cd5726af59) Importer(815301076,1909f56bfc062723c751e8b465ee728b)
Start importing Assets/Resources/Новая папка (5)/License.txt using Guid(ff6a58f49f416f749aeb25cd5726af59) Importer(815301076,1909f56bfc062723c751e8b465ee728b)  -> (artifact id: 'b2821d675061cc860e98f85b677783e0') in 0.000818 seconds
Number of updated asset objects reloaded before import = 0
Number of asset objects unloaded after import = 1
========================================================================
Received Import Request.
  Time since last request: 6.647417 seconds.
  path: Assets/Resources/Новая папка (5)/1 Magic
  artifactKey: Guid(9621319ef47039a44a8192c22057cf4c) Importer(815301076,1909f56bfc062723c751e8b465ee728b)
Start importing Assets/Resources/Новая папка (5)/1 Magic using Guid(9621319ef47039a44a8192c22057cf4c) Importer(815301076,1909f56bfc062723c751e8b465ee728b)  -> (artifact id: 'ebdeb13ffcde468a6f021691f9532218') in 0.000447 seconds
Number of updated asset objects reloaded before import = 0
Number of asset objects unloaded after import = 0
